Using pre-set license
Built from '2020.2/release' branch; Version is '2020.2.2f1 (068178b99f32) revision 426360'; Using compiler version '192528614'; Build Type 'Release'
OS: 'Windows 10 Home; OS build 19042.1237; Version 2009; 64bit' Language: 'en' Physical Memory: 16344 MB
BatchMode: 1, IsHumanControllingUs: 0, StartBugReporterOnCrash: 0, Is64bit: 1, IsPro: 0

 COMMAND LINE ARGUMENTS:
D:\Program Files\Unity\2020.2.2f1\Editor\Unity.exe
-adb2
-batchMode
-noUpm
-name
AssetImportWorker0
-projectPath
C:/Users/julia/Documents/GitHub/Inner Space
-logFile
Logs/AssetImportWorker0.log
-srvPort
51709
Successfully changed project path to: C:/Users/julia/Documents/GitHub/Inner Space
C:/Users/julia/Documents/GitHub/Inner Space
Using Asset Import Pipeline V2.
Refreshing native plugins compatible for Editor in 28.98 ms, found 0 plugins.
Preloading 0 native plugins for Editor in 0.00 ms.
Initialize engine version: 2020.2.2f1 (068178b99f32)
[Subsystems] Discovering subsystems at path D:/Program Files/Unity/2020.2.2f1/Editor/Data/Resources/UnitySubsystems
[Subsystems] Discovering subsystems at path C:/Users/julia/Documents/GitHub/Inner Space/Assets
GfxDevice: creating device client; threaded=0
Direct3D:
    Version:  Direct3D 11.0 [level 11.1]
    Renderer: NVIDIA GeForce GTX 1070 Ti (ID=0x1b82)
    Vendor:   
    VRAM:     8079 MB
    Driver:   27.21.14.6140
Initialize mono
Mono path[0] = 'D:/Program Files/Unity/2020.2.2f1/Editor/Data/Managed'
Mono path[1] = 'D:/Program Files/Unity/2020.2.2f1/Editor/Data/MonoBleedingEdge/lib/mono/unityjit'
Mono config path = 'D:/Program Files/Unity/2020.2.2f1/Editor/Data/MonoBleedingEdge/etc'
Using monoOptions --debugger-agent=transport=dt_socket,embedding=1,server=y,suspend=n,address=127.0.0.1:56868
Begin MonoManager ReloadAssembly
Registering precompiled unity dll's ...
Register platform support module: D:/Program Files/Unity/2020.2.2f1/Editor/Data/PlaybackEngines/WindowsStandaloneSupport/UnityEditor.WindowsStandalone.Extensions.dll
Registered in 0.001131 seconds.
Native extension for WindowsStandalone target not found
Refreshing native plugins compatible for Editor in 30.66 ms, found 0 plugins.
Preloading 0 native plugins for Editor in 0.00 ms.
Invoked RoslynAnalysisRunner static constructor.
RoslynAnalysisRunner will not be running.
RoslynAnalysisRunner has terminated.
Mono: successfully reloaded assembly
- Completed reload, in  2.221 seconds
Platform modules already initialized, skipping
Registering precompiled user dll's ...
Registered in 0.000676 seconds.
Begin MonoManager ReloadAssembly
Native extension for WindowsStandalone target not found
Refreshing native plugins compatible for Editor in 0.33 ms, found 0 plugins.
Preloading 0 native plugins for Editor in 0.00 ms.
Invoked RoslynAnalysisRunner static constructor.
RoslynAnalysisRunner will not be running.
RoslynAnalysisRunner has terminated.
Mono: successfully reloaded assembly
- Completed reload, in  0.833 seconds
Platform modules already initialized, skipping
========================================================================
Worker process is ready to serve import requests
Launched and connected shader compiler UnityShaderCompiler.exe after 0.05 seconds
Refreshing native plugins compatible for Editor in 0.25 ms, found 0 plugins.
Preloading 0 native plugins for Editor in 0.00 ms.
Unloading 1465 Unused Serialized files (Serialized files now loaded: 0)
System memory in use before: 71.7 MB.
System memory in use after: 71.7 MB.

Unloading 68 unused Assets to reduce memory usage. Loaded Objects now: 1901.
Total: 2.616100 ms (FindLiveObjects: 0.147800 ms CreateObjectMapping: 0.050100 ms MarkObjects: 2.209600 ms  DeleteObjects: 0.207700 ms)

========================================================================
Received Import Request.
  path: Assets/SPACE.jpg
  artifactKey: Guid(f8c50344f08acf64e9c5b1d24b2ac189) Importer(815301076,1909f56bfc062723c751e8b465ee728b)
Start importing Assets/SPACE.jpg using Guid(f8c50344f08acf64e9c5b1d24b2ac189) Importer(815301076,1909f56bfc062723c751e8b465ee728b)  -> (artifact id: '310b67cf5c8a50c6e3d6e5906004dd55') in 0.240933 seconds
  Import took 0.243851 seconds .

========================================================================
Received Import Request.
  Time since last request: 12141.771638 seconds.
  path: Assets/Materials
  artifactKey: Guid(585a2393cd913204cb2828fc09ae5212) Importer(815301076,1909f56bfc062723c751e8b465ee728b)
Start importing Assets/Materials using Guid(585a2393cd913204cb2828fc09ae5212) Importer(815301076,1909f56bfc062723c751e8b465ee728b)  -> (artifact id: '29ca4d79d9b0d86bda7b2147164b629f') in 0.016952 seconds
  Import took 0.099999 seconds .

========================================================================
Received Import Request.
  Time since last request: 0.000323 seconds.
  path: Assets/Materials/SPACE 1.mat
  artifactKey: Guid(1c2d121ba9e52e346a4f24eac9bc2f50) Importer(815301076,1909f56bfc062723c751e8b465ee728b)
Start importing Assets/Materials/SPACE 1.mat using Guid(1c2d121ba9e52e346a4f24eac9bc2f50) Importer(815301076,1909f56bfc062723c751e8b465ee728b)  -> (artifact id: 'cc65d14f59ac7ff5a95932ba11b94ede') in 0.373706 seconds
  Import took 0.375607 seconds .

========================================================================
Received Import Request.
  Time since last request: 0.000290 seconds.
  path: Assets/Materials/SPACE.mat
  artifactKey: Guid(9b43cf2e6fb006342ac42346b570aa6d) Importer(815301076,1909f56bfc062723c751e8b465ee728b)
Start importing Assets/Materials/SPACE.mat using Guid(9b43cf2e6fb006342ac42346b570aa6d) Importer(815301076,1909f56bfc062723c751e8b465ee728b)  -> (artifact id: '2a1e4265ab8dcdda2b8398d871b89f10') in 0.013536 seconds
  Import took 0.015673 seconds .

========================================================================
Received Import Request.
  Time since last request: 0.003151 seconds.
  path: Assets/Materials/SPACE.mat
  artifactKey: Guid(9b43cf2e6fb006342ac42346b570aa6d) Importer(815301076,1909f56bfc062723c751e8b465ee728b)
Start importing Assets/Materials/SPACE.mat using Guid(9b43cf2e6fb006342ac42346b570aa6d) Importer(815301076,1909f56bfc062723c751e8b465ee728b)  -> (artifact id: '2a1e4265ab8dcdda2b8398d871b89f10') in 0.009782 seconds
  Import took 0.012038 seconds .

========================================================================
Received Import Request.
  Time since last request: 29.834726 seconds.
  path: Assets
  artifactKey: Guid(00000000000000001000000000000000) Importer(815301076,1909f56bfc062723c751e8b465ee728b)
Start importing Assets using Guid(00000000000000001000000000000000) Importer(815301076,1909f56bfc062723c751e8b465ee728b)  -> (artifact id: '4a6e520b92ccfc61bcfa21a7bcab8468') in 0.005772 seconds
  Import took 0.007814 seconds .

========================================================================
Received Import Request.
  Time since last request: 4.358940 seconds.
  path: Assets/Scripts
  artifactKey: Guid(906c0ccbc6aba8643b7eff9dc496440c) Importer(815301076,1909f56bfc062723c751e8b465ee728b)
Start importing Assets/Scripts using Guid(906c0ccbc6aba8643b7eff9dc496440c) Importer(815301076,1909f56bfc062723c751e8b465ee728b)  -> (artifact id: '0e15df850369556b8322169c3f290b12') in 0.005760 seconds
  Import took 0.007852 seconds .

========================================================================
Received Import Request.
  Time since last request: 0.000290 seconds.
  path: Assets/Scripts
  artifactKey: Guid(906c0ccbc6aba8643b7eff9dc496440c) Importer(815301076,1909f56bfc062723c751e8b465ee728b)
Start importing Assets/Scripts using Guid(906c0ccbc6aba8643b7eff9dc496440c) Importer(815301076,1909f56bfc062723c751e8b465ee728b)  -> (artifact id: '0e15df850369556b8322169c3f290b12') in 0.001750 seconds
  Import took 0.003861 seconds .

========================================================================
Received Prepare
Registering precompiled user dll's ...
Registered in 0.000678 seconds.
Begin MonoManager ReloadAssembly
Native extension for WindowsStandalone target not found
Refreshing native plugins compatible for Editor in 0.27 ms, found 0 plugins.
Preloading 0 native plugins for Editor in 0.00 ms.
Warning: Annotation not found!
UnityEngine.StackTraceUtility:ExtractStackTrace ()
UnityEditor.ProBuilder.EditorUtility:SetGizmoIconEnabled (System.Type,bool) (at Library/PackageCache/com.unity.probuilder@4.4.0/Editor/EditorCore/EditorUtility.cs:593)
UnityEditor.ProBuilder.HierarchyListener:.cctor () (at Library/PackageCache/com.unity.probuilder@4.4.0/Editor/EditorCore/HierarchyListener.cs:21)
System.Runtime.CompilerServices.RuntimeHelpers:RunClassConstructor (System.RuntimeTypeHandle)
UnityEditor.EditorAssemblies:ProcessInitializeOnLoadAttributes (System.Type[])

[Library/PackageCache/com.unity.probuilder@4.4.0/Editor/EditorCore/EditorUtility.cs line 593]

Invoked RoslynAnalysisRunner static constructor.
RoslynAnalysisRunner will not be running.
RoslynAnalysisRunner has terminated.
Mono: successfully reloaded assembly
- Completed reload, in  0.791 seconds
Platform modules already initialized, skipping
Script is not up to date after domain reload: guid(71236e23ee0d75f4abcb0fbc83392dec) path("Assets/Scripts/MouseLook.cs") state(2)
Refreshing native plugins compatible for Editor in 0.26 ms, found 0 plugins.
Preloading 0 native plugins for Editor in 0.00 ms.
Unloading 1433 Unused Serialized files (Serialized files now loaded: 0)
System memory in use before: 73.0 MB.
System memory in use after: 73.1 MB.

Unloading 6 unused Assets to reduce memory usage. Loaded Objects now: 1946.
Total: 1.780500 ms (FindLiveObjects: 0.136200 ms CreateObjectMapping: 0.039000 ms MarkObjects: 1.542200 ms  DeleteObjects: 0.062300 ms)

========================================================================
Received Prepare
Registering precompiled user dll's ...
Registered in 0.000658 seconds.
Begin MonoManager ReloadAssembly
Native extension for WindowsStandalone target not found
Refreshing native plugins compatible for Editor in 0.24 ms, found 0 plugins.
Preloading 0 native plugins for Editor in 0.00 ms.
Warning: Annotation not found!
UnityEngine.StackTraceUtility:ExtractStackTrace ()
UnityEditor.ProBuilder.EditorUtility:SetGizmoIconEnabled (System.Type,bool) (at Library/PackageCache/com.unity.probuilder@4.4.0/Editor/EditorCore/EditorUtility.cs:593)
UnityEditor.ProBuilder.HierarchyListener:.cctor () (at Library/PackageCache/com.unity.probuilder@4.4.0/Editor/EditorCore/HierarchyListener.cs:21)
System.Runtime.CompilerServices.RuntimeHelpers:RunClassConstructor (System.RuntimeTypeHandle)
UnityEditor.EditorAssemblies:ProcessInitializeOnLoadAttributes (System.Type[])

[Library/PackageCache/com.unity.probuilder@4.4.0/Editor/EditorCore/EditorUtility.cs line 593]

Invoked RoslynAnalysisRunner static constructor.
RoslynAnalysisRunner will not be running.
RoslynAnalysisRunner has terminated.
Mono: successfully reloaded assembly
- Completed reload, in  0.668 seconds
Platform modules already initialized, skipping
Refreshing native plugins compatible for Editor in 0.24 ms, found 0 plugins.
Preloading 0 native plugins for Editor in 0.00 ms.
Unloading 1434 Unused Serialized files (Serialized files now loaded: 0)
System memory in use before: 73.3 MB.
System memory in use after: 73.4 MB.

Unloading 6 unused Assets to reduce memory usage. Loaded Objects now: 1949.
Total: 1.968500 ms (FindLiveObjects: 0.159300 ms CreateObjectMapping: 0.041500 ms MarkObjects: 1.698400 ms  DeleteObjects: 0.068400 ms)

========================================================================
Received Prepare
Registering precompiled user dll's ...
Registered in 0.000647 seconds.
Begin MonoManager ReloadAssembly
Native extension for WindowsStandalone target not found
Refreshing native plugins compatible for Editor in 0.26 ms, found 0 plugins.
Preloading 0 native plugins for Editor in 0.00 ms.
Warning: Annotation not found!
UnityEngine.StackTraceUtility:ExtractStackTrace ()
UnityEditor.ProBuilder.EditorUtility:SetGizmoIconEnabled (System.Type,bool) (at Library/PackageCache/com.unity.probuilder@4.4.0/Editor/EditorCore/EditorUtility.cs:593)
UnityEditor.ProBuilder.HierarchyListener:.cctor () (at Library/PackageCache/com.unity.probuilder@4.4.0/Editor/EditorCore/HierarchyListener.cs:21)
System.Runtime.CompilerServices.RuntimeHelpers:RunClassConstructor (System.RuntimeTypeHandle)
UnityEditor.EditorAssemblies:ProcessInitializeOnLoadAttributes (System.Type[])

[Library/PackageCache/com.unity.probuilder@4.4.0/Editor/EditorCore/EditorUtility.cs line 593]

Invoked RoslynAnalysisRunner static constructor.
RoslynAnalysisRunner will not be running.
RoslynAnalysisRunner has terminated.
Mono: successfully reloaded assembly
- Completed reload, in  0.683 seconds
Platform modules already initialized, skipping
Script is not up to date after domain reload: guid(218e9a73e8401444485c1cf9a2ceb941) path("Assets/Scripts/StealDetect.cs") state(2)
Refreshing native plugins compatible for Editor in 0.24 ms, found 0 plugins.
Preloading 0 native plugins for Editor in 0.00 ms.
Unloading 1435 Unused Serialized files (Serialized files now loaded: 0)
System memory in use before: 73.6 MB.
System memory in use after: 73.7 MB.

Unloading 6 unused Assets to reduce memory usage. Loaded Objects now: 1952.
Total: 1.801500 ms (FindLiveObjects: 0.157600 ms CreateObjectMapping: 0.069100 ms MarkObjects: 1.512700 ms  DeleteObjects: 0.061200 ms)

========================================================================
Received Prepare
Registering precompiled user dll's ...
Registered in 0.000791 seconds.
Begin MonoManager ReloadAssembly
Native extension for WindowsStandalone target not found
Refreshing native plugins compatible for Editor in 0.24 ms, found 0 plugins.
Preloading 0 native plugins for Editor in 0.00 ms.
Warning: Annotation not found!
UnityEngine.StackTraceUtility:ExtractStackTrace ()
UnityEditor.ProBuilder.EditorUtility:SetGizmoIconEnabled (System.Type,bool) (at Library/PackageCache/com.unity.probuilder@4.4.0/Editor/EditorCore/EditorUtility.cs:593)
UnityEditor.ProBuilder.HierarchyListener:.cctor () (at Library/PackageCache/com.unity.probuilder@4.4.0/Editor/EditorCore/HierarchyListener.cs:21)
System.Runtime.CompilerServices.RuntimeHelpers:RunClassConstructor (System.RuntimeTypeHandle)
UnityEditor.EditorAssemblies:ProcessInitializeOnLoadAttributes (System.Type[])

[Library/PackageCache/com.unity.probuilder@4.4.0/Editor/EditorCore/EditorUtility.cs line 593]

Invoked RoslynAnalysisRunner static constructor.
RoslynAnalysisRunner will not be running.
RoslynAnalysisRunner has terminated.
Mono: successfully reloaded assembly
- Completed reload, in  0.672 seconds
Platform modules already initialized, skipping
Refreshing native plugins compatible for Editor in 0.23 ms, found 0 plugins.
Preloading 0 native plugins for Editor in 0.00 ms.
Unloading 1436 Unused Serialized files (Serialized files now loaded: 0)
System memory in use before: 73.9 MB.
System memory in use after: 74.0 MB.

Unloading 6 unused Assets to reduce memory usage. Loaded Objects now: 1955.
Total: 2.330200 ms (FindLiveObjects: 0.158300 ms CreateObjectMapping: 0.039000 ms MarkObjects: 2.064400 ms  DeleteObjects: 0.067600 ms)

========================================================================
Received Prepare
Registering precompiled user dll's ...
Registered in 0.000674 seconds.
Begin MonoManager ReloadAssembly
Native extension for WindowsStandalone target not found
Refreshing native plugins compatible for Editor in 0.23 ms, found 0 plugins.
Preloading 0 native plugins for Editor in 0.00 ms.
Warning: Annotation not found!
UnityEngine.StackTraceUtility:ExtractStackTrace ()
UnityEditor.ProBuilder.EditorUtility:SetGizmoIconEnabled (System.Type,bool) (at Library/PackageCache/com.unity.probuilder@4.4.0/Editor/EditorCore/EditorUtility.cs:593)
UnityEditor.ProBuilder.HierarchyListener:.cctor () (at Library/PackageCache/com.unity.probuilder@4.4.0/Editor/EditorCore/HierarchyListener.cs:21)
System.Runtime.CompilerServices.RuntimeHelpers:RunClassConstructor (System.RuntimeTypeHandle)
UnityEditor.EditorAssemblies:ProcessInitializeOnLoadAttributes (System.Type[])

[Library/PackageCache/com.unity.probuilder@4.4.0/Editor/EditorCore/EditorUtility.cs line 593]

Invoked RoslynAnalysisRunner static constructor.
RoslynAnalysisRunner will not be running.
RoslynAnalysisRunner has terminated.
Mono: successfully reloaded assembly
- Completed reload, in  0.672 seconds
Platform modules already initialized, skipping
Refreshing native plugins compatible for Editor in 0.23 ms, found 0 plugins.
Preloading 0 native plugins for Editor in 0.00 ms.
Unloading 1437 Unused Serialized files (Serialized files now loaded: 0)
System memory in use before: 74.2 MB.
System memory in use after: 74.2 MB.

Unloading 6 unused Assets to reduce memory usage. Loaded Objects now: 1958.
Total: 2.047900 ms (FindLiveObjects: 0.144900 ms CreateObjectMapping: 0.034800 ms MarkObjects: 1.802500 ms  DeleteObjects: 0.065000 ms)

========================================================================
Received Prepare
Registering precompiled user dll's ...
Registered in 0.000887 seconds.
Begin MonoManager ReloadAssembly
Native extension for WindowsStandalone target not found
Refreshing native plugins compatible for Editor in 0.25 ms, found 0 plugins.
Preloading 0 native plugins for Editor in 0.00 ms.
Warning: Annotation not found!
UnityEngine.StackTraceUtility:ExtractStackTrace ()
UnityEditor.ProBuilder.EditorUtility:SetGizmoIconEnabled (System.Type,bool) (at Library/PackageCache/com.unity.probuilder@4.4.0/Editor/EditorCore/EditorUtility.cs:593)
UnityEditor.ProBuilder.HierarchyListener:.cctor () (at Library/PackageCache/com.unity.probuilder@4.4.0/Editor/EditorCore/HierarchyListener.cs:21)
System.Runtime.CompilerServices.RuntimeHelpers:RunClassConstructor (System.RuntimeTypeHandle)
UnityEditor.EditorAssemblies:ProcessInitializeOnLoadAttributes (System.Type[])

[Library/PackageCache/com.unity.probuilder@4.4.0/Editor/EditorCore/EditorUtility.cs line 593]

Invoked RoslynAnalysisRunner static constructor.
RoslynAnalysisRunner will not be running.
RoslynAnalysisRunner has terminated.
Mono: successfully reloaded assembly
- Completed reload, in  0.668 seconds
Platform modules already initialized, skipping
Refreshing native plugins compatible for Editor in 0.25 ms, found 0 plugins.
Preloading 0 native plugins for Editor in 0.00 ms.
Unloading 1439 Unused Serialized files (Serialized files now loaded: 0)
System memory in use before: 75.5 MB.
System memory in use after: 75.6 MB.

Unloading 6 unused Assets to reduce memory usage. Loaded Objects now: 1962.
Total: 2.441000 ms (FindLiveObjects: 0.159400 ms CreateObjectMapping: 0.036100 ms MarkObjects: 2.172700 ms  DeleteObjects: 0.072100 ms)

========================================================================
Received Import Request.
  Time since last request: 422.863291 seconds.
  path: Assets/StarSparrow
  artifactKey: Guid(68ba141d95b38104d9d463ad4786bd32) Importer(815301076,1909f56bfc062723c751e8b465ee728b)
Start importing Assets/StarSparrow using Guid(68ba141d95b38104d9d463ad4786bd32) Importer(815301076,1909f56bfc062723c751e8b465ee728b)  -> (artifact id: 'fde96c0f0325e7e9192593df193797aa') in 0.006821 seconds
  Import took 0.009039 seconds .

========================================================================
Received Import Request.
  Time since last request: 0.000467 seconds.
  path: Assets/StarSparrow
  artifactKey: Guid(68ba141d95b38104d9d463ad4786bd32) Importer(815301076,1909f56bfc062723c751e8b465ee728b)
Start importing Assets/StarSparrow using Guid(68ba141d95b38104d9d463ad4786bd32) Importer(815301076,1909f56bfc062723c751e8b465ee728b)  -> (artifact id: 'fde96c0f0325e7e9192593df193797aa') in 0.001824 seconds
  Import took 0.003869 seconds .

========================================================================
Received Import Request.
  Time since last request: 4.804160 seconds.
  path: Assets/StarSparrow/Materials
  artifactKey: Guid(0cd1c379b1cdb36418f77d020a27acde) Importer(815301076,1909f56bfc062723c751e8b465ee728b)
Start importing Assets/StarSparrow/Materials using Guid(0cd1c379b1cdb36418f77d020a27acde) Importer(815301076,1909f56bfc062723c751e8b465ee728b)  -> (artifact id: '5d7ace5f40afb9f2a43a1bd9b4ad919d') in 0.001974 seconds
  Import took 0.004098 seconds .

========================================================================
Received Import Request.
  Time since last request: 1.491944 seconds.
  path: Assets/StarSparrow/Prefabs
  artifactKey: Guid(0aa7bcc0cee9d024fbea84bf0552512f) Importer(815301076,1909f56bfc062723c751e8b465ee728b)
Start importing Assets/StarSparrow/Prefabs using Guid(0aa7bcc0cee9d024fbea84bf0552512f) Importer(815301076,1909f56bfc062723c751e8b465ee728b)  -> (artifact id: '229807f8d3ad6ee6cc44d992117d35f9') in 0.005387 seconds
  Import took 0.007502 seconds .

========================================================================
Received Import Request.
  Time since last request: 0.000583 seconds.
  path: Assets/StarSparrow/Prefabs
  artifactKey: Guid(0aa7bcc0cee9d024fbea84bf0552512f) Importer(815301076,1909f56bfc062723c751e8b465ee728b)
Start importing Assets/StarSparrow/Prefabs using Guid(0aa7bcc0cee9d024fbea84bf0552512f) Importer(815301076,1909f56bfc062723c751e8b465ee728b)  -> (artifact id: '229807f8d3ad6ee6cc44d992117d35f9') in 0.001761 seconds
  Import took 0.003765 seconds .

========================================================================
Received Import Request.
  Time since last request: 1.313555 seconds.
  path: Assets/StarSparrow/Prefabs/Examples
  artifactKey: Guid(c62cb36fa1c42324fb68e66511348fac) Importer(815301076,1909f56bfc062723c751e8b465ee728b)
Start importing Assets/StarSparrow/Prefabs/Examples using Guid(c62cb36fa1c42324fb68e66511348fac) Importer(815301076,1909f56bfc062723c751e8b465ee728b)  -> (artifact id: 'b4ca454fc66b7f4a4e73a113edd1dd52') in 0.005378 seconds
  Import took 0.007568 seconds .

========================================================================
Received Import Request.
  Time since last request: 0.080589 seconds.
  path: Assets/StarSparrow/Prefabs/Examples/StarSparrow1.prefab
  artifactKey: Guid(f805c7b2f982faf43833878e4f22ae2a) Importer(815301076,1909f56bfc062723c751e8b465ee728b)
Start importing Assets/StarSparrow/Prefabs/Examples/StarSparrow1.prefab using Guid(f805c7b2f982faf43833878e4f22ae2a) Importer(815301076,1909f56bfc062723c751e8b465ee728b)  -> (artifact id: '136c801625e70ffdbba1d6773610289d') in 0.328195 seconds
  Import took 0.330706 seconds .

========================================================================
Received Import Request.
  Time since last request: 0.000205 seconds.
  path: Assets/StarSparrow/Prefabs/Examples/StarSparrow2.prefab
  artifactKey: Guid(dae7a3955bbf76e409d09988296acacb) Importer(815301076,1909f56bfc062723c751e8b465ee728b)
Start importing Assets/StarSparrow/Prefabs/Examples/StarSparrow2.prefab using Guid(dae7a3955bbf76e409d09988296acacb) Importer(815301076,1909f56bfc062723c751e8b465ee728b)  -> (artifact id: '7041c65fab12e852ef56df615db7adcf') in 0.019699 seconds
  Import took 0.022023 seconds .

========================================================================
Received Import Request.
  Time since last request: 0.000219 seconds.
  path: Assets/StarSparrow/Prefabs/Examples/StarSparrow10.prefab
  artifactKey: Guid(fb80d574ec67a7c4e8ef1a14a65990f6) Importer(815301076,1909f56bfc062723c751e8b465ee728b)
Start importing Assets/StarSparrow/Prefabs/Examples/StarSparrow10.prefab using Guid(fb80d574ec67a7c4e8ef1a14a65990f6) Importer(815301076,1909f56bfc062723c751e8b465ee728b)  -> (artifact id: 'c16353e1ad48a7b011d5ef5504891836') in 0.021909 seconds
  Import took 0.024387 seconds .

========================================================================
Received Import Request.
  Time since last request: 0.000243 seconds.
  path: Assets/StarSparrow/Prefabs/Examples/StarSparrow11.prefab
  artifactKey: Guid(5a073d16030e9bb4ab4bab71c3124066) Importer(815301076,1909f56bfc062723c751e8b465ee728b)
Start importing Assets/StarSparrow/Prefabs/Examples/StarSparrow11.prefab using Guid(5a073d16030e9bb4ab4bab71c3124066) Importer(815301076,1909f56bfc062723c751e8b465ee728b)  -> (artifact id: '32e32c65bd277ee9072c64cadce8ca07') in 0.022715 seconds
  Import took 0.025500 seconds .

========================================================================
Received Import Request.
  Time since last request: 0.000184 seconds.
  path: Assets/StarSparrow/Prefabs/Examples/StarSparrow13.prefab
  artifactKey: Guid(6647bc14b7f253f4aa7ed042ccbd8304) Importer(815301076,1909f56bfc062723c751e8b465ee728b)
Start importing Assets/StarSparrow/Prefabs/Examples/StarSparrow13.prefab using Guid(6647bc14b7f253f4aa7ed042ccbd8304) Importer(815301076,1909f56bfc062723c751e8b465ee728b)  -> (artifact id: '3561280591101a11de12275d78cbb83f') in 0.022244 seconds
  Import took 0.024894 seconds .

========================================================================
Received Import Request.
  Time since last request: 0.000151 seconds.
  path: Assets/StarSparrow/Prefabs/Examples/StarSparrow16.prefab
  artifactKey: Guid(09980a6c8942f3141bbe411fa8a59755) Importer(815301076,1909f56bfc062723c751e8b465ee728b)
Start importing Assets/StarSparrow/Prefabs/Examples/StarSparrow16.prefab using Guid(09980a6c8942f3141bbe411fa8a59755) Importer(815301076,1909f56bfc062723c751e8b465ee728b)  -> (artifact id: '6f3fe7d9eb122e65224456da32709012') in 0.018248 seconds
  Import took 0.020632 seconds .

========================================================================
Received Import Request.
  Time since last request: 0.000205 seconds.
  path: Assets/StarSparrow/Prefabs/Examples/StarSparrow15.prefab
  artifactKey: Guid(7ea0027aa6205b044b76dc341d565c7f) Importer(815301076,1909f56bfc062723c751e8b465ee728b)
Start importing Assets/StarSparrow/Prefabs/Examples/StarSparrow15.prefab using Guid(7ea0027aa6205b044b76dc341d565c7f) Importer(815301076,1909f56bfc062723c751e8b465ee728b)  -> (artifact id: '793ae0aedc89548eded9c8139bb6bd87') in 0.018490 seconds
  Import took 0.021037 seconds .

========================================================================
Received Import Request.
  Time since last request: 0.000171 seconds.
  path: Assets/StarSparrow/Prefabs/Examples/StarSparrow4.prefab
  artifactKey: Guid(206dc24d514cdd146a07be8e731a56e9) Importer(815301076,1909f56bfc062723c751e8b465ee728b)
Start importing Assets/StarSparrow/Prefabs/Examples/StarSparrow4.prefab using Guid(206dc24d514cdd146a07be8e731a56e9) Importer(815301076,1909f56bfc062723c751e8b465ee728b)  -> (artifact id: '98898df70b9c837106c2c5f1d4eec3a7') in 0.017698 seconds
  Import took 0.020434 seconds .

========================================================================
Received Import Request.
  Time since last request: 0.000189 seconds.
  path: Assets/StarSparrow/Prefabs/Examples/StarSparrow14.prefab
  artifactKey: Guid(5706df97cdf27ba49a0f927eb658626d) Importer(815301076,1909f56bfc062723c751e8b465ee728b)
Start importing Assets/StarSparrow/Prefabs/Examples/StarSparrow14.prefab using Guid(5706df97cdf27ba49a0f927eb658626d) Importer(815301076,1909f56bfc062723c751e8b465ee728b)  -> (artifact id: '61606340e59fbbc9832ad6a058c758f3') in 0.019320 seconds
  Import took 0.021764 seconds .

========================================================================
Received Import Request.
  Time since last request: 0.000190 seconds.
  path: Assets/StarSparrow/Prefabs/Examples/StarSparrow19.prefab
  artifactKey: Guid(ba40a60074a505d48b216ebc896c5ca0) Importer(815301076,1909f56bfc062723c751e8b465ee728b)
Start importing Assets/StarSparrow/Prefabs/Examples/StarSparrow19.prefab using Guid(ba40a60074a505d48b216ebc896c5ca0) Importer(815301076,1909f56bfc062723c751e8b465ee728b)  -> (artifact id: 'e16972e3509d89ff86d6957a3ae62843') in 0.018301 seconds
  Import took 0.020716 seconds .

========================================================================
Received Import Request.
  Time since last request: 0.000186 seconds.
  path: Assets/StarSparrow/Prefabs/Examples/StarSparrow18.prefab
  artifactKey: Guid(fee8124d0a18d2e44b5b8f766d913b80) Importer(815301076,1909f56bfc062723c751e8b465ee728b)
Start importing Assets/StarSparrow/Prefabs/Examples/StarSparrow18.prefab using Guid(fee8124d0a18d2e44b5b8f766d913b80) Importer(815301076,1909f56bfc062723c751e8b465ee728b)  -> (artifact id: '4780ad3b7f7c40d11e618611e169629b') in 0.018922 seconds
  Import took 0.021431 seconds .

========================================================================
Received Import Request.
  Time since last request: 0.000178 seconds.
  path: Assets/StarSparrow/Prefabs/Examples/StarSparrow8.prefab
  artifactKey: Guid(12e2965e034095b40b035c26bdecd5ed) Importer(815301076,1909f56bfc062723c751e8b465ee728b)
Start importing Assets/StarSparrow/Prefabs/Examples/StarSparrow8.prefab using Guid(12e2965e034095b40b035c26bdecd5ed) Importer(815301076,1909f56bfc062723c751e8b465ee728b)  -> (artifact id: 'd5cc58fcf3a1ddfa6c9a72b19b5f7724') in 0.019379 seconds
  Import took 0.021961 seconds .

========================================================================
Received Import Request.
  Time since last request: 0.000304 seconds.
  path: Assets/StarSparrow/Prefabs/Examples/StarSparrow3.prefab
  artifactKey: Guid(e261f7b66a8f0fd4492d87df1eee4222) Importer(815301076,1909f56bfc062723c751e8b465ee728b)
Start importing Assets/StarSparrow/Prefabs/Examples/StarSparrow3.prefab using Guid(e261f7b66a8f0fd4492d87df1eee4222) Importer(815301076,1909f56bfc062723c751e8b465ee728b)  -> (artifact id: '7a3eb43f34235ea44ce561046b1ae8e4') in 0.017559 seconds
  Import took 0.020184 seconds .

========================================================================
Received Import Request.
  Time since last request: 0.000192 seconds.
  path: Assets/StarSparrow/Prefabs/Examples/StarSparrow20.prefab
  artifactKey: Guid(feb130a8adcebe54aa314f58f408c412) Importer(815301076,1909f56bfc062723c751e8b465ee728b)
Start importing Assets/StarSparrow/Prefabs/Examples/StarSparrow20.prefab using Guid(feb130a8adcebe54aa314f58f408c412) Importer(815301076,1909f56bfc062723c751e8b465ee728b)  -> (artifact id: '97d722c78cc638dda402998798a9c43e') in 0.017495 seconds
  Import took 0.019957 seconds .

========================================================================
Received Import Request.
  Time since last request: 0.000280 seconds.
  path: Assets/StarSparrow/Prefabs/Examples/StarSparrow17.prefab
  artifactKey: Guid(972b4b7d4d0542c4faf5702b3f9f3e27) Importer(815301076,1909f56bfc062723c751e8b465ee728b)
Start importing Assets/StarSparrow/Prefabs/Examples/StarSparrow17.prefab using Guid(972b4b7d4d0542c4faf5702b3f9f3e27) Importer(815301076,1909f56bfc062723c751e8b465ee728b)  -> (artifact id: '482ebe40265bd1db1e17f945c4da0658') in 0.018727 seconds
  Import took 0.021070 seconds .

========================================================================
Received Import Request.
  Time since last request: 0.000213 seconds.
  path: Assets/StarSparrow/Prefabs/Examples/StarSparrow5.prefab
  artifactKey: Guid(4d54efa43b03b1845b929768cf25e790) Importer(815301076,1909f56bfc062723c751e8b465ee728b)
Start importing Assets/StarSparrow/Prefabs/Examples/StarSparrow5.prefab using Guid(4d54efa43b03b1845b929768cf25e790) Importer(815301076,1909f56bfc062723c751e8b465ee728b)  -> (artifact id: '5571e38c463323ec0036e0a2673cd4a6') in 0.017218 seconds
  Import took 0.019762 seconds .

========================================================================
Received Import Request.
  Time since last request: 0.000216 seconds.
  path: Assets/StarSparrow/Prefabs/Examples/StarSparrow12.prefab
  artifactKey: Guid(79e4c0d1647edb24e82e40e6b4bcaa7b) Importer(815301076,1909f56bfc062723c751e8b465ee728b)
Start importing Assets/StarSparrow/Prefabs/Examples/StarSparrow12.prefab using Guid(79e4c0d1647edb24e82e40e6b4bcaa7b) Importer(815301076,1909f56bfc062723c751e8b465ee728b)  -> (artifact id: '916fd45872294778b97d7461a4a22e79') in 0.018775 seconds
  Import took 0.021311 seconds .

========================================================================
Received Import Request.
  Time since last request: 0.000207 seconds.
  path: Assets/StarSparrow/Prefabs/Examples/StarSparrow9.prefab
  artifactKey: Guid(7861019a7b8cb6f4db5310695263b29a) Importer(815301076,1909f56bfc062723c751e8b465ee728b)
Start importing Assets/StarSparrow/Prefabs/Examples/StarSparrow9.prefab using Guid(7861019a7b8cb6f4db5310695263b29a) Importer(815301076,1909f56bfc062723c751e8b465ee728b)  -> (artifact id: '48f93acc4a4c28e6ec7953d4a3206701') in 0.017679 seconds
  Import took 0.020039 seconds .

========================================================================
Received Import Request.
  Time since last request: 0.000172 seconds.
  path: Assets/StarSparrow/Prefabs/Examples/StarSparrow6.prefab
  artifactKey: Guid(33942a27e06a55e498652847d7d15f99) Importer(815301076,1909f56bfc062723c751e8b465ee728b)
Start importing Assets/StarSparrow/Prefabs/Examples/StarSparrow6.prefab using Guid(33942a27e06a55e498652847d7d15f99) Importer(815301076,1909f56bfc062723c751e8b465ee728b)  -> (artifact id: '3772c36002d098ccecde3f64cd2d688d') in 0.017535 seconds
  Import took 0.019963 seconds .

========================================================================
Received Import Request.
  Time since last request: 0.000199 seconds.
  path: Assets/StarSparrow/Prefabs/Examples/StarSparrow7.prefab
  artifactKey: Guid(c79905ec17c169a49b75177b6cf0d524) Importer(815301076,1909f56bfc062723c751e8b465ee728b)
Start importing Assets/StarSparrow/Prefabs/Examples/StarSparrow7.prefab using Guid(c79905ec17c169a49b75177b6cf0d524) Importer(815301076,1909f56bfc062723c751e8b465ee728b)  -> (artifact id: '40411719692dbf50a100d8b2490b82ad') in 0.017948 seconds
  Import took 0.020564 seconds .

========================================================================
Received Import Request.
  Time since last request: 484.632623 seconds.
  path: Assets/StarSparrow/Meshes/StarSparrow1.fbx
  artifactKey: Guid(9eafec2478441af418574f3e9e971f8d) Importer(815301076,1909f56bfc062723c751e8b465ee728b)
Start importing Assets/StarSparrow/Meshes/StarSparrow1.fbx using Guid(9eafec2478441af418574f3e9e971f8d) Importer(815301076,1909f56bfc062723c751e8b465ee728b)  -> (artifact id: '3a2f3a95c8d4c1fe8148419775d26a7b') in 0.229860 seconds
  Import took 0.232694 seconds .

========================================================================
Received Import Request.
  Time since last request: 101.686399 seconds.
  path: Assets/Materials/RED.mat
  artifactKey: Guid(9c55b9c255880aa498b5f528925acee9) Importer(815301076,1909f56bfc062723c751e8b465ee728b)
Start importing Assets/Materials/RED.mat using Guid(9c55b9c255880aa498b5f528925acee9) Importer(815301076,1909f56bfc062723c751e8b465ee728b)  -> (artifact id: '976dcb8fa3ebef34785cc651a9590fe5') in 0.018597 seconds
  Import took 0.020994 seconds .

========================================================================
Received Import Request.
  Time since last request: 230.333503 seconds.
  path: Assets/Materials/RED.mat
  artifactKey: Guid(9c55b9c255880aa498b5f528925acee9) Importer(815301076,1909f56bfc062723c751e8b465ee728b)
Start importing Assets/Materials/RED.mat using Guid(9c55b9c255880aa498b5f528925acee9) Importer(815301076,1909f56bfc062723c751e8b465ee728b)  -> (artifact id: '2ff7eb8628e2e61b7fc7f8de5f0cbf26') in 0.009629 seconds
  Import took 0.012175 seconds .

========================================================================
Received Import Request.
  Time since last request: 88.589164 seconds.
  path: Assets/StarSparrow/Meshes/StarSparrow17.fbx
  artifactKey: Guid(73d017596d90716449488a7d74c0b954) Importer(815301076,1909f56bfc062723c751e8b465ee728b)
Start importing Assets/StarSparrow/Meshes/StarSparrow17.fbx using Guid(73d017596d90716449488a7d74c0b954) Importer(815301076,1909f56bfc062723c751e8b465ee728b)  -> (artifact id: 'c768c8613b176de5ed4a2e2ba9c14fa2') in 0.015842 seconds
  Import took 0.018355 seconds .

========================================================================
Received Import Request.
  Time since last request: 82.553471 seconds.
  path: Assets/Materials/YELLOW.mat
  artifactKey: Guid(9ce1adc1df5bd0e4fa2ba192f44ecaa4) Importer(815301076,1909f56bfc062723c751e8b465ee728b)
Start importing Assets/Materials/YELLOW.mat using Guid(9ce1adc1df5bd0e4fa2ba192f44ecaa4) Importer(815301076,1909f56bfc062723c751e8b465ee728b)  -> (artifact id: 'dfcd173f83e66901d53773572b01ad30') in 0.011201 seconds
  Import took 0.013519 seconds .

========================================================================
Received Import Request.
  Time since last request: 40.722863 seconds.
  path: Assets/StarSparrow/Meshes/StarSparrow12.fbx
  artifactKey: Guid(0e9d6058df1cdae40ad43cc3ded56497) Importer(815301076,1909f56bfc062723c751e8b465ee728b)
Start importing Assets/StarSparrow/Meshes/StarSparrow12.fbx using Guid(0e9d6058df1cdae40ad43cc3ded56497) Importer(815301076,1909f56bfc062723c751e8b465ee728b)  -> (artifact id: '318dfb66ff59520e851b0fef9c522375') in 0.012009 seconds
  Import took 0.014535 seconds .

========================================================================
Received Import Request.
  Time since last request: 128.324533 seconds.
  path: Assets/Materials/BLACK.mat
  artifactKey: Guid(9ce1adc1df5bd0e4fa2ba192f44ecaa4) Importer(815301076,1909f56bfc062723c751e8b465ee728b)
Start importing Assets/Materials/BLACK.mat using Guid(9ce1adc1df5bd0e4fa2ba192f44ecaa4) Importer(815301076,1909f56bfc062723c751e8b465ee728b)  -> (artifact id: 'e698704a0c1c7770186ab72f78b76b3f') in 0.011613 seconds
  Import took 0.015310 seconds .

========================================================================
Received Import Request.
  Time since last request: 0.000223 seconds.
  path: Assets/Materials/YELLOW.mat
  artifactKey: Guid(b49173379c69dd44d9dd772f71ac0970) Importer(815301076,1909f56bfc062723c751e8b465ee728b)
Start importing Assets/Materials/YELLOW.mat using Guid(b49173379c69dd44d9dd772f71ac0970) Importer(815301076,1909f56bfc062723c751e8b465ee728b)  -> (artifact id: 'beba61465b8531a5b9803c7f78ae2133') in 0.011673 seconds
  Import took 0.014076 seconds .

========================================================================
Received Import Request.
  Time since last request: 61.441249 seconds.
  path: Assets/StarSparrow/Meshes/StarSparrow10.fbx
  artifactKey: Guid(d32d4a735694a9f4f97a42117a1f919c) Importer(815301076,1909f56bfc062723c751e8b465ee728b)
Start importing Assets/StarSparrow/Meshes/StarSparrow10.fbx using Guid(d32d4a735694a9f4f97a42117a1f919c) Importer(815301076,1909f56bfc062723c751e8b465ee728b)  -> (artifact id: '7089ad83ee6c9165e74526dc50af9832') in 0.011955 seconds
  Import took 0.014178 seconds .

========================================================================
Received Import Request.
  Time since last request: 744.127430 seconds.
  path: Assets/Materials/GREEN.mat
  artifactKey: Guid(311135c7f53ee0e4f8cf4063ee14f07c) Importer(815301076,1909f56bfc062723c751e8b465ee728b)
Start importing Assets/Materials/GREEN.mat using Guid(311135c7f53ee0e4f8cf4063ee14f07c) Importer(815301076,1909f56bfc062723c751e8b465ee728b)  -> (artifact id: '979225f1f0a7c28b6bc8c3737ce2f9ce') in 0.010878 seconds
  Import took 0.013558 seconds .

========================================================================
Received Prepare
Registering precompiled user dll's ...
Registered in 0.000764 seconds.
Begin MonoManager ReloadAssembly
Native extension for WindowsStandalone target not found
Refreshing native plugins compatible for Editor in 0.27 ms, found 0 plugins.
Preloading 0 native plugins for Editor in 0.00 ms.
Warning: Annotation not found!
UnityEngine.StackTraceUtility:ExtractStackTrace ()
UnityEditor.ProBuilder.EditorUtility:SetGizmoIconEnabled (System.Type,bool) (at Library/PackageCache/com.unity.probuilder@4.4.0/Editor/EditorCore/EditorUtility.cs:593)
UnityEditor.ProBuilder.HierarchyListener:.cctor () (at Library/PackageCache/com.unity.probuilder@4.4.0/Editor/EditorCore/HierarchyListener.cs:21)
System.Runtime.CompilerServices.RuntimeHelpers:RunClassConstructor (System.RuntimeTypeHandle)
UnityEditor.EditorAssemblies:ProcessInitializeOnLoadAttributes (System.Type[])

[Library/PackageCache/com.unity.probuilder@4.4.0/Editor/EditorCore/EditorUtility.cs line 593]

Invoked RoslynAnalysisRunner static constructor.
RoslynAnalysisRunner will not be running.
RoslynAnalysisRunner has terminated.
Mono: successfully reloaded assembly
- Completed reload, in  0.766 seconds
Platform modules already initialized, skipping
Refreshing native plugins compatible for Editor in 0.27 ms, found 0 plugins.
Preloading 0 native plugins for Editor in 0.00 ms.
Unloading 1439 Unused Serialized files (Serialized files now loaded: 0)
System memory in use before: 76.2 MB.
System memory in use after: 76.2 MB.

Unloading 7 unused Assets to reduce memory usage. Loaded Objects now: 1968.
Total: 1.734000 ms (FindLiveObjects: 0.160400 ms CreateObjectMapping: 0.044800 ms MarkObjects: 1.455000 ms  DeleteObjects: 0.072700 ms)

========================================================================
Received Import Request.
  Time since last request: 696.055925 seconds.
  path: Assets/Scripts/StealDetect.cs
  artifactKey: Guid(218e9a73e8401444485c1cf9a2ceb941) Importer(815301076,1909f56bfc062723c751e8b465ee728b)
Start importing Assets/Scripts/StealDetect.cs using Guid(218e9a73e8401444485c1cf9a2ceb941) Importer(815301076,1909f56bfc062723c751e8b465ee728b)  -> (artifact id: '87db4be4b616a5e3d6e1fc4874344dc5') in 0.007754 seconds
  Import took 0.010329 seconds .

========================================================================
Received Prepare
Registering precompiled user dll's ...
Registered in 0.000708 seconds.
Begin MonoManager ReloadAssembly
Native extension for WindowsStandalone target not found
Refreshing native plugins compatible for Editor in 0.25 ms, found 0 plugins.
Preloading 0 native plugins for Editor in 0.00 ms.
Warning: Annotation not found!
UnityEngine.StackTraceUtility:ExtractStackTrace ()
UnityEditor.ProBuilder.EditorUtility:SetGizmoIconEnabled (System.Type,bool) (at Library/PackageCache/com.unity.probuilder@4.4.0/Editor/EditorCore/EditorUtility.cs:593)
UnityEditor.ProBuilder.HierarchyListener:.cctor () (at Library/PackageCache/com.unity.probuilder@4.4.0/Editor/EditorCore/HierarchyListener.cs:21)
System.Runtime.CompilerServices.RuntimeHelpers:RunClassConstructor (System.RuntimeTypeHandle)
UnityEditor.EditorAssemblies:ProcessInitializeOnLoadAttributes (System.Type[])

[Library/PackageCache/com.unity.probuilder@4.4.0/Editor/EditorCore/EditorUtility.cs line 593]

Invoked RoslynAnalysisRunner static constructor.
RoslynAnalysisRunner will not be running.
RoslynAnalysisRunner has terminated.
Mono: successfully reloaded assembly
- Completed reload, in  0.687 seconds
Platform modules already initialized, skipping
Refreshing native plugins compatible for Editor in 0.27 ms, found 0 plugins.
Preloading 0 native plugins for Editor in 0.00 ms.
Unloading 1439 Unused Serialized files (Serialized files now loaded: 0)
System memory in use before: 75.6 MB.
System memory in use after: 75.7 MB.

Unloading 6 unused Assets to reduce memory usage. Loaded Objects now: 1970.
Total: 1.986100 ms (FindLiveObjects: 0.180700 ms CreateObjectMapping: 0.050300 ms MarkObjects: 1.681900 ms  DeleteObjects: 0.072300 ms)

========================================================================
Received Import Request.
  Time since last request: 99.505262 seconds.
  path: Assets/Scripts/StealDetect.cs
  artifactKey: Guid(218e9a73e8401444485c1cf9a2ceb941) Importer(815301076,1909f56bfc062723c751e8b465ee728b)
Start importing Assets/Scripts/StealDetect.cs using Guid(218e9a73e8401444485c1cf9a2ceb941) Importer(815301076,1909f56bfc062723c751e8b465ee728b)  -> (artifact id: 'c5e811ad67bb72ee89e460483b3c9336') in 0.006343 seconds
  Import took 0.008580 seconds .

========================================================================
Received Import Request.
  Time since last request: 0.022527 seconds.
  path: Assets/Scripts/StealDetect.cs
  artifactKey: Guid(218e9a73e8401444485c1cf9a2ceb941) Importer(815301076,1909f56bfc062723c751e8b465ee728b)
Start importing Assets/Scripts/StealDetect.cs using Guid(218e9a73e8401444485c1cf9a2ceb941) Importer(815301076,1909f56bfc062723c751e8b465ee728b)  -> (artifact id: 'c5e811ad67bb72ee89e460483b3c9336') in 0.002296 seconds
  Import took 0.004488 seconds .

========================================================================
Received Import Request.
  Time since last request: 4.245411 seconds.
  path: Assets/Scripts/DeliverDetect.cs
  artifactKey: Guid(218e9a73e8401444485c1cf9a2ceb941) Importer(815301076,1909f56bfc062723c751e8b465ee728b)
Start importing Assets/Scripts/DeliverDetect.cs using Guid(218e9a73e8401444485c1cf9a2ceb941) Importer(815301076,1909f56bfc062723c751e8b465ee728b)  -> (artifact id: 'd58c97740c8b63ba9b3807435617619e') in 0.005284 seconds
  Import took 0.007572 seconds .

========================================================================
Received Prepare
Registering precompiled user dll's ...
Registered in 0.000791 seconds.
Begin MonoManager ReloadAssembly
Native extension for WindowsStandalone target not found
Refreshing native plugins compatible for Editor in 0.27 ms, found 0 plugins.
Preloading 0 native plugins for Editor in 0.00 ms.
Warning: Annotation not found!
UnityEngine.StackTraceUtility:ExtractStackTrace ()
UnityEditor.ProBuilder.EditorUtility:SetGizmoIconEnabled (System.Type,bool) (at Library/PackageCache/com.unity.probuilder@4.4.0/Editor/EditorCore/EditorUtility.cs:593)
UnityEditor.ProBuilder.HierarchyListener:.cctor () (at Library/PackageCache/com.unity.probuilder@4.4.0/Editor/EditorCore/HierarchyListener.cs:21)
System.Runtime.CompilerServices.RuntimeHelpers:RunClassConstructor (System.RuntimeTypeHandle)
UnityEditor.EditorAssemblies:ProcessInitializeOnLoadAttributes (System.Type[])

[Library/PackageCache/com.unity.probuilder@4.4.0/Editor/EditorCore/EditorUtility.cs line 593]

Invoked RoslynAnalysisRunner static constructor.
RoslynAnalysisRunner will not be running.
RoslynAnalysisRunner has terminated.
Mono: successfully reloaded assembly
- Completed reload, in  0.681 seconds
Platform modules already initialized, skipping
Refreshing native plugins compatible for Editor in 0.25 ms, found 0 plugins.
Preloading 0 native plugins for Editor in 0.00 ms.
Unloading 1439 Unused Serialized files (Serialized files now loaded: 0)
System memory in use before: 75.9 MB.
System memory in use after: 76.0 MB.

Unloading 6 unused Assets to reduce memory usage. Loaded Objects now: 1972.
Total: 1.935600 ms (FindLiveObjects: 0.151300 ms CreateObjectMapping: 0.043600 ms MarkObjects: 1.674300 ms  DeleteObjects: 0.065500 ms)

========================================================================
Received Import Request.
  Time since last request: 112.160944 seconds.
  path: Assets/Scripts/SceneManager.cs
  artifactKey: Guid(cc136988ec1eb5448bb4944550bdec89) Importer(815301076,1909f56bfc062723c751e8b465ee728b)
Start importing Assets/Scripts/SceneManager.cs using Guid(cc136988ec1eb5448bb4944550bdec89) Importer(815301076,1909f56bfc062723c751e8b465ee728b)  -> (artifact id: 'afe99f7114ea40db1d1ba0f813ac7862') in 0.008663 seconds
  Import took 0.011375 seconds .

========================================================================
Received Import Request.
  Time since last request: 9.109837 seconds.
  path: Assets/Scripts/Movement.cs
  artifactKey: Guid(b1b988be126c0e048b4955d47ca2d5bf) Importer(815301076,1909f56bfc062723c751e8b465ee728b)
Start importing Assets/Scripts/Movement.cs using Guid(b1b988be126c0e048b4955d47ca2d5bf) Importer(815301076,1909f56bfc062723c751e8b465ee728b)  -> (artifact id: 'b39bf302d5853fe862efb2ab72df02fb') in 0.005075 seconds
  Import took 0.007242 seconds .

========================================================================
Received Import Request.
  Time since last request: 0.001182 seconds.
  path: Assets/Scripts/Movement.cs
  artifactKey: Guid(b1b988be126c0e048b4955d47ca2d5bf) Importer(815301076,1909f56bfc062723c751e8b465ee728b)
Start importing Assets/Scripts/Movement.cs using Guid(b1b988be126c0e048b4955d47ca2d5bf) Importer(815301076,1909f56bfc062723c751e8b465ee728b)  -> (artifact id: 'b39bf302d5853fe862efb2ab72df02fb') in 0.001991 seconds
  Import took 0.004096 seconds .

========================================================================
Received Import Request.
  Time since last request: 321.411406 seconds.
  path: ProjectSettings/TagManager.asset
  artifactKey: Guid(00000000000000003000000000000000) Importer(815301076,1909f56bfc062723c751e8b465ee728b)
Start importing ProjectSettings/TagManager.asset using Guid(00000000000000003000000000000000) Importer(815301076,1909f56bfc062723c751e8b465ee728b)  -> (artifact id: '1efec719c81060231ab49e0da4b313b9') in 0.009627 seconds
  Import took 0.012159 seconds .

========================================================================
Received Import Request.
  Time since last request: 0.009666 seconds.
  path: ProjectSettings/TagManager.asset
  artifactKey: Guid(00000000000000003000000000000000) Importer(815301076,1909f56bfc062723c751e8b465ee728b)
Start importing ProjectSettings/TagManager.asset using Guid(00000000000000003000000000000000) Importer(815301076,1909f56bfc062723c751e8b465ee728b)  -> (artifact id: '1efec719c81060231ab49e0da4b313b9') in 0.002346 seconds
  Import took 0.004625 seconds .

========================================================================
Received Prepare
Registering precompiled user dll's ...
Registered in 0.002028 seconds.
Begin MonoManager ReloadAssembly
Native extension for WindowsStandalone target not found
Refreshing native plugins compatible for Editor in 0.28 ms, found 0 plugins.
Preloading 0 native plugins for Editor in 0.00 ms.
[ScriptCompilation] NOT recompiling all scripts because this is an import worker process. Reason to compile was: Define symbols changed
Warning: Annotation not found!
UnityEngine.StackTraceUtility:ExtractStackTrace ()
UnityEditor.ProBuilder.EditorUtility:SetGizmoIconEnabled (System.Type,bool) (at Library/PackageCache/com.unity.probuilder@4.4.0/Editor/EditorCore/EditorUtility.cs:593)
UnityEditor.ProBuilder.HierarchyListener:.cctor () (at Library/PackageCache/com.unity.probuilder@4.4.0/Editor/EditorCore/HierarchyListener.cs:21)
System.Runtime.CompilerServices.RuntimeHelpers:RunClassConstructor (System.RuntimeTypeHandle)
UnityEditor.EditorAssemblies:ProcessInitializeOnLoadAttributes (System.Type[])

[Library/PackageCache/com.unity.probuilder@4.4.0/Editor/EditorCore/EditorUtility.cs line 593]

Invoked RoslynAnalysisRunner static constructor.
RoslynAnalysisRunner will not be running.
RoslynAnalysisRunner has terminated.
Mono: successfully reloaded assembly
- Completed reload, in  0.693 seconds
Platform modules already initialized, skipping
Refreshing native plugins compatible for Editor in 0.27 ms, found 0 plugins.
Preloading 0 native plugins for Editor in 0.00 ms.
Unloading 1559 Unused Serialized files (Serialized files now loaded: 0)
System memory in use before: 82.8 MB.
System memory in use after: 81.2 MB.

Unloading 35 unused Assets to reduce memory usage. Loaded Objects now: 2067.
Total: 2.426000 ms (FindLiveObjects: 0.148400 ms CreateObjectMapping: 0.051900 ms MarkObjects: 1.699600 ms  DeleteObjects: 0.525400 ms)

========================================================================
Received Import Request.
  Time since last request: 288.516803 seconds.
  path: Assets/Materials/BOX.mat
  artifactKey: Guid(3027f4814f8648045a46714e9a865b7f) Importer(815301076,1909f56bfc062723c751e8b465ee728b)
Start importing Assets/Materials/BOX.mat using Guid(3027f4814f8648045a46714e9a865b7f) Importer(815301076,1909f56bfc062723c751e8b465ee728b)  -> (artifact id: '61dfce117cd1b96cd761c18b809bd96c') in 0.050138 seconds
  Import took 0.052656 seconds .

========================================================================
Received Prepare
Registering precompiled user dll's ...
Registered in 0.000739 seconds.
Begin MonoManager ReloadAssembly
Native extension for WindowsStandalone target not found
Refreshing native plugins compatible for Editor in 0.29 ms, found 0 plugins.
Preloading 0 native plugins for Editor in 0.00 ms.
Warning: Annotation not found!
UnityEngine.StackTraceUtility:ExtractStackTrace ()
UnityEditor.ProBuilder.EditorUtility:SetGizmoIconEnabled (System.Type,bool) (at Library/PackageCache/com.unity.probuilder@4.4.0/Editor/EditorCore/EditorUtility.cs:593)
UnityEditor.ProBuilder.HierarchyListener:.cctor () (at Library/PackageCache/com.unity.probuilder@4.4.0/Editor/EditorCore/HierarchyListener.cs:21)
System.Runtime.CompilerServices.RuntimeHelpers:RunClassConstructor (System.RuntimeTypeHandle)
UnityEditor.EditorAssemblies:ProcessInitializeOnLoadAttributes (System.Type[])

[Library/PackageCache/com.unity.probuilder@4.4.0/Editor/EditorCore/EditorUtility.cs line 593]

Invoked RoslynAnalysisRunner static constructor.
RoslynAnalysisRunner will not be running.
RoslynAnalysisRunner has terminated.
Mono: successfully reloaded assembly
- Completed reload, in  0.703 seconds
Platform modules already initialized, skipping
Refreshing native plugins compatible for Editor in 0.43 ms, found 0 plugins.
Preloading 0 native plugins for Editor in 0.00 ms.
Unloading 1559 Unused Serialized files (Serialized files now loaded: 0)
System memory in use before: 82.2 MB.
System memory in use after: 80.6 MB.

Unloading 33 unused Assets to reduce memory usage. Loaded Objects now: 2070.
Total: 2.506800 ms (FindLiveObjects: 0.165000 ms CreateObjectMapping: 0.053700 ms MarkObjects: 1.704400 ms  DeleteObjects: 0.582900 ms)

========================================================================
Received Import Request.
  Time since last request: 259.574572 seconds.
  path: Assets/Scripts/DeliverDetect.cs
  artifactKey: Guid(218e9a73e8401444485c1cf9a2ceb941) Importer(815301076,1909f56bfc062723c751e8b465ee728b)
Start importing Assets/Scripts/DeliverDetect.cs using Guid(218e9a73e8401444485c1cf9a2ceb941) Importer(815301076,1909f56bfc062723c751e8b465ee728b)  -> (artifact id: '300896ef7dc7bcd03a61376454b87f30') in 0.007003 seconds
  Import took 0.009289 seconds .

========================================================================
Received Import Request.
  Time since last request: 0.002351 seconds.
  path: Assets/Scripts/DeliverDetect.cs
  artifactKey: Guid(218e9a73e8401444485c1cf9a2ceb941) Importer(815301076,1909f56bfc062723c751e8b465ee728b)
Start importing Assets/Scripts/DeliverDetect.cs using Guid(218e9a73e8401444485c1cf9a2ceb941) Importer(815301076,1909f56bfc062723c751e8b465ee728b)  -> (artifact id: '300896ef7dc7bcd03a61376454b87f30') in 0.001874 seconds
  Import took 0.004233 seconds .

========================================================================
Received Prepare
Registering precompiled user dll's ...
Registered in 0.000870 seconds.
Begin MonoManager ReloadAssembly
Native extension for WindowsStandalone target not found
Refreshing native plugins compatible for Editor in 0.27 ms, found 0 plugins.
Preloading 0 native plugins for Editor in 0.00 ms.
Warning: Annotation not found!
UnityEngine.StackTraceUtility:ExtractStackTrace ()
UnityEditor.ProBuilder.EditorUtility:SetGizmoIconEnabled (System.Type,bool) (at Library/PackageCache/com.unity.probuilder@4.4.0/Editor/EditorCore/EditorUtility.cs:593)
UnityEditor.ProBuilder.HierarchyListener:.cctor () (at Library/PackageCache/com.unity.probuilder@4.4.0/Editor/EditorCore/HierarchyListener.cs:21)
System.Runtime.CompilerServices.RuntimeHelpers:RunClassConstructor (System.RuntimeTypeHandle)
UnityEditor.EditorAssemblies:ProcessInitializeOnLoadAttributes (System.Type[])

[Library/PackageCache/com.unity.probuilder@4.4.0/Editor/EditorCore/EditorUtility.cs line 593]

Invoked RoslynAnalysisRunner static constructor.
RoslynAnalysisRunner will not be running.
RoslynAnalysisRunner has terminated.
Mono: successfully reloaded assembly
- Completed reload, in  0.684 seconds
Platform modules already initialized, skipping
Refreshing native plugins compatible for Editor in 0.28 ms, found 0 plugins.
Preloading 0 native plugins for Editor in 0.00 ms.
Unloading 1559 Unused Serialized files (Serialized files now loaded: 0)
System memory in use before: 82.5 MB.
System memory in use after: 80.9 MB.

Unloading 33 unused Assets to reduce memory usage. Loaded Objects now: 2072.
Total: 2.269000 ms (FindLiveObjects: 0.172200 ms CreateObjectMapping: 0.054200 ms MarkObjects: 1.471500 ms  DeleteObjects: 0.570300 ms)

========================================================================
Received Import Request.
  Time since last request: 182.603638 seconds.
  path: Assets/Scripts/DeliverDetect.cs
  artifactKey: Guid(218e9a73e8401444485c1cf9a2ceb941) Importer(815301076,1909f56bfc062723c751e8b465ee728b)
Start importing Assets/Scripts/DeliverDetect.cs using Guid(218e9a73e8401444485c1cf9a2ceb941) Importer(815301076,1909f56bfc062723c751e8b465ee728b)  -> (artifact id: '18f03ecc98b6c8a68ca4486492b33892') in 0.003654 seconds
  Import took 0.005896 seconds .

========================================================================
Received Prepare
Registering precompiled user dll's ...
Registered in 0.000927 seconds.
Begin MonoManager ReloadAssembly
Native extension for WindowsStandalone target not found
Refreshing native plugins compatible for Editor in 0.28 ms, found 0 plugins.
Preloading 0 native plugins for Editor in 0.00 ms.
Warning: Annotation not found!
UnityEngine.StackTraceUtility:ExtractStackTrace ()
UnityEditor.ProBuilder.EditorUtility:SetGizmoIconEnabled (System.Type,bool) (at Library/PackageCache/com.unity.probuilder@4.4.0/Editor/EditorCore/EditorUtility.cs:593)
UnityEditor.ProBuilder.HierarchyListener:.cctor () (at Library/PackageCache/com.unity.probuilder@4.4.0/Editor/EditorCore/HierarchyListener.cs:21)
System.Runtime.CompilerServices.RuntimeHelpers:RunClassConstructor (System.RuntimeTypeHandle)
UnityEditor.EditorAssemblies:ProcessInitializeOnLoadAttributes (System.Type[])

[Library/PackageCache/com.unity.probuilder@4.4.0/Editor/EditorCore/EditorUtility.cs line 593]

Invoked RoslynAnalysisRunner static constructor.
RoslynAnalysisRunner will not be running.
RoslynAnalysisRunner has terminated.
Mono: successfully reloaded assembly
- Completed reload, in  0.697 seconds
Platform modules already initialized, skipping
Refreshing native plugins compatible for Editor in 0.38 ms, found 0 plugins.
Preloading 0 native plugins for Editor in 0.00 ms.
Unloading 1559 Unused Serialized files (Serialized files now loaded: 0)
System memory in use before: 82.8 MB.
System memory in use after: 81.3 MB.

Unloading 33 unused Assets to reduce memory usage. Loaded Objects now: 2074.
Total: 2.719400 ms (FindLiveObjects: 0.170900 ms CreateObjectMapping: 0.052600 ms MarkObjects: 1.902800 ms  DeleteObjects: 0.592400 ms)

========================================================================
Received Import Request.
  Time since last request: 183.328539 seconds.
  path: Assets/Scripts/Menu.cs
  artifactKey: Guid(6cb82c97826207848a2d9587674edf9d) Importer(815301076,1909f56bfc062723c751e8b465ee728b)
Start importing Assets/Scripts/Menu.cs using Guid(6cb82c97826207848a2d9587674edf9d) Importer(815301076,1909f56bfc062723c751e8b465ee728b)  -> (artifact id: 'fcd679f79e9da0d1fdf61b90af39fcc3') in 0.007410 seconds
  Import took 0.010018 seconds .

========================================================================
Received Prepare
Registering precompiled user dll's ...
Registered in 0.001063 seconds.
Begin MonoManager ReloadAssembly
Native extension for WindowsStandalone target not found
Refreshing native plugins compatible for Editor in 0.28 ms, found 0 plugins.
Preloading 0 native plugins for Editor in 0.00 ms.
Warning: Annotation not found!
UnityEngine.StackTraceUtility:ExtractStackTrace ()
UnityEditor.ProBuilder.EditorUtility:SetGizmoIconEnabled (System.Type,bool) (at Library/PackageCache/com.unity.probuilder@4.4.0/Editor/EditorCore/EditorUtility.cs:593)
UnityEditor.ProBuilder.HierarchyListener:.cctor () (at Library/PackageCache/com.unity.probuilder@4.4.0/Editor/EditorCore/HierarchyListener.cs:21)
System.Runtime.CompilerServices.RuntimeHelpers:RunClassConstructor (System.RuntimeTypeHandle)
UnityEditor.EditorAssemblies:ProcessInitializeOnLoadAttributes (System.Type[])

[Library/PackageCache/com.unity.probuilder@4.4.0/Editor/EditorCore/EditorUtility.cs line 593]

Invoked RoslynAnalysisRunner static constructor.
RoslynAnalysisRunner will not be running.
RoslynAnalysisRunner has terminated.
Mono: successfully reloaded assembly
- Completed reload, in  0.700 seconds
Platform modules already initialized, skipping
Refreshing native plugins compatible for Editor in 0.30 ms, found 0 plugins.
Preloading 0 native plugins for Editor in 0.00 ms.
Unloading 1560 Unused Serialized files (Serialized files now loaded: 0)
System memory in use before: 82.9 MB.
System memory in use after: 81.3 MB.

Unloading 33 unused Assets to reduce memory usage. Loaded Objects now: 2077.
Total: 2.723200 ms (FindLiveObjects: 0.192900 ms CreateObjectMapping: 0.051400 ms MarkObjects: 1.873500 ms  DeleteObjects: 0.604600 ms)

========================================================================
Received Import Request.
  Time since last request: 311.702893 seconds.
  path: Assets/Scripts/Menu.cs
  artifactKey: Guid(6cb82c97826207848a2d9587674edf9d) Importer(815301076,1909f56bfc062723c751e8b465ee728b)
Start importing Assets/Scripts/Menu.cs using Guid(6cb82c97826207848a2d9587674edf9d) Importer(815301076,1909f56bfc062723c751e8b465ee728b)  -> (artifact id: 'a12dab3a834489b0f724c1a77c4994f8') in 0.005590 seconds
  Import took 0.008566 seconds .

========================================================================
Received Prepare
Registering precompiled user dll's ...
Registered in 0.000780 seconds.
Begin MonoManager ReloadAssembly
Native extension for WindowsStandalone target not found
Refreshing native plugins compatible for Editor in 0.28 ms, found 0 plugins.
Preloading 0 native plugins for Editor in 0.00 ms.
Warning: Annotation not found!
UnityEngine.StackTraceUtility:ExtractStackTrace ()
UnityEditor.ProBuilder.EditorUtility:SetGizmoIconEnabled (System.Type,bool) (at Library/PackageCache/com.unity.probuilder@4.4.0/Editor/EditorCore/EditorUtility.cs:593)
UnityEditor.ProBuilder.HierarchyListener:.cctor () (at Library/PackageCache/com.unity.probuilder@4.4.0/Editor/EditorCore/HierarchyListener.cs:21)
System.Runtime.CompilerServices.RuntimeHelpers:RunClassConstructor (System.RuntimeTypeHandle)
UnityEditor.EditorAssemblies:ProcessInitializeOnLoadAttributes (System.Type[])

[Library/PackageCache/com.unity.probuilder@4.4.0/Editor/EditorCore/EditorUtility.cs line 593]

Invoked RoslynAnalysisRunner static constructor.
RoslynAnalysisRunner will not be running.
RoslynAnalysisRunner has terminated.
Mono: successfully reloaded assembly
- Completed reload, in  0.683 seconds
Platform modules already initialized, skipping
Refreshing native plugins compatible for Editor in 0.28 ms, found 0 plugins.
Preloading 0 native plugins for Editor in 0.00 ms.
Unloading 1560 Unused Serialized files (Serialized files now loaded: 0)
System memory in use before: 82.5 MB.
System memory in use after: 80.9 MB.

Unloading 33 unused Assets to reduce memory usage. Loaded Objects now: 2079.
Total: 2.363700 ms (FindLiveObjects: 0.157000 ms CreateObjectMapping: 0.049400 ms MarkObjects: 1.505400 ms  DeleteObjects: 0.650900 ms)

========================================================================
Received Import Request.
  Time since last request: 92.125752 seconds.
  path: Assets/Scripts/MouseLook.cs
  artifactKey: Guid(71236e23ee0d75f4abcb0fbc83392dec) Importer(815301076,1909f56bfc062723c751e8b465ee728b)
Start importing Assets/Scripts/MouseLook.cs using Guid(71236e23ee0d75f4abcb0fbc83392dec) Importer(815301076,1909f56bfc062723c751e8b465ee728b)  -> (artifact id: '72c8d6348fb6e6fc453505b83dea8434') in 0.007352 seconds
  Import took 0.009690 seconds .

========================================================================
Received Import Request.
  Time since last request: 0.000234 seconds.
  path: Assets/Scripts/Menu.cs
  artifactKey: Guid(6cb82c97826207848a2d9587674edf9d) Importer(815301076,1909f56bfc062723c751e8b465ee728b)
Start importing Assets/Scripts/Menu.cs using Guid(6cb82c97826207848a2d9587674edf9d) Importer(815301076,1909f56bfc062723c751e8b465ee728b)  -> (artifact id: '55eb5439622e67d56b79a15e8acb4f97') in 0.002142 seconds
  Import took 0.004440 seconds .

========================================================================
Received Import Request.
  Time since last request: 5.870623 seconds.
  path: Assets/Scripts/Interact.cs
  artifactKey: Guid(2c6202540cca9d6448edbc2b29c84f12) Importer(815301076,1909f56bfc062723c751e8b465ee728b)
Start importing Assets/Scripts/Interact.cs using Guid(2c6202540cca9d6448edbc2b29c84f12) Importer(815301076,1909f56bfc062723c751e8b465ee728b)  -> (artifact id: '74d57a35c26cca64a3b7e88deb74dbc4') in 0.005392 seconds
  Import took 0.008065 seconds .

========================================================================
Received Import Request.
  Time since last request: 0.000517 seconds.
  path: Assets/Scripts/Interact.cs
  artifactKey: Guid(2c6202540cca9d6448edbc2b29c84f12) Importer(815301076,1909f56bfc062723c751e8b465ee728b)
Start importing Assets/Scripts/Interact.cs using Guid(2c6202540cca9d6448edbc2b29c84f12) Importer(815301076,1909f56bfc062723c751e8b465ee728b)  -> (artifact id: '74d57a35c26cca64a3b7e88deb74dbc4') in 0.002336 seconds
  Import took 0.004890 seconds .

========================================================================
Received Prepare
Registering precompiled user dll's ...
Registered in 0.000791 seconds.
Begin MonoManager ReloadAssembly
Native extension for WindowsStandalone target not found
Refreshing native plugins compatible for Editor in 0.31 ms, found 0 plugins.
Preloading 0 native plugins for Editor in 0.00 ms.
Warning: Annotation not found!
UnityEngine.StackTraceUtility:ExtractStackTrace ()
UnityEditor.ProBuilder.EditorUtility:SetGizmoIconEnabled (System.Type,bool) (at Library/PackageCache/com.unity.probuilder@4.4.0/Editor/EditorCore/EditorUtility.cs:593)
UnityEditor.ProBuilder.HierarchyListener:.cctor () (at Library/PackageCache/com.unity.probuilder@4.4.0/Editor/EditorCore/HierarchyListener.cs:21)
System.Runtime.CompilerServices.RuntimeHelpers:RunClassConstructor (System.RuntimeTypeHandle)
UnityEditor.EditorAssemblies:ProcessInitializeOnLoadAttributes (System.Type[])

[Library/PackageCache/com.unity.probuilder@4.4.0/Editor/EditorCore/EditorUtility.cs line 593]

Invoked RoslynAnalysisRunner static constructor.
RoslynAnalysisRunner will not be running.
RoslynAnalysisRunner has terminated.
Mono: successfully reloaded assembly
- Completed reload, in  0.703 seconds
Platform modules already initialized, skipping
Refreshing native plugins compatible for Editor in 0.29 ms, found 0 plugins.
Preloading 0 native plugins for Editor in 0.00 ms.
Unloading 1560 Unused Serialized files (Serialized files now loaded: 0)
System memory in use before: 82.8 MB.
System memory in use after: 81.2 MB.

Unloading 33 unused Assets to reduce memory usage. Loaded Objects now: 2081.
Total: 2.307100 ms (FindLiveObjects: 0.163400 ms CreateObjectMapping: 0.051200 ms MarkObjects: 1.497400 ms  DeleteObjects: 0.594400 ms)

========================================================================
Received Import Request.
  Time since last request: 100.301050 seconds.
  path: Assets/Scripts/Interact.cs
  artifactKey: Guid(2c6202540cca9d6448edbc2b29c84f12) Importer(815301076,1909f56bfc062723c751e8b465ee728b)
Start importing Assets/Scripts/Interact.cs using Guid(2c6202540cca9d6448edbc2b29c84f12) Importer(815301076,1909f56bfc062723c751e8b465ee728b)  -> (artifact id: 'b1057633d7049c6e4b189cdaa74b3ee1') in 0.004249 seconds
  Import took 0.006649 seconds .

========================================================================
Received Import Request.
  Time since last request: 371.913613 seconds.
  path: Assets/Scripts/Movement.cs
  artifactKey: Guid(b1b988be126c0e048b4955d47ca2d5bf) Importer(815301076,1909f56bfc062723c751e8b465ee728b)
Start importing Assets/Scripts/Movement.cs using Guid(b1b988be126c0e048b4955d47ca2d5bf) Importer(815301076,1909f56bfc062723c751e8b465ee728b)  -> (artifact id: '2c6a5e6eaa552430a2e7254f91429188') in 0.005100 seconds
  Import took 0.007902 seconds .

========================================================================
Received Prepare
Registering precompiled user dll's ...
Registered in 0.000706 seconds.
Begin MonoManager ReloadAssembly
Native extension for WindowsStandalone target not found
Refreshing native plugins compatible for Editor in 0.28 ms, found 0 plugins.
Preloading 0 native plugins for Editor in 0.00 ms.
Warning: Annotation not found!
UnityEngine.StackTraceUtility:ExtractStackTrace ()
UnityEditor.ProBuilder.EditorUtility:SetGizmoIconEnabled (System.Type,bool) (at Library/PackageCache/com.unity.probuilder@4.4.0/Editor/EditorCore/EditorUtility.cs:593)
UnityEditor.ProBuilder.HierarchyListener:.cctor () (at Library/PackageCache/com.unity.probuilder@4.4.0/Editor/EditorCore/HierarchyListener.cs:21)
System.Runtime.CompilerServices.RuntimeHelpers:RunClassConstructor (System.RuntimeTypeHandle)
UnityEditor.EditorAssemblies:ProcessInitializeOnLoadAttributes (System.Type[])

[Library/PackageCache/com.unity.probuilder@4.4.0/Editor/EditorCore/EditorUtility.cs line 593]

Invoked RoslynAnalysisRunner static constructor.
RoslynAnalysisRunner will not be running.
RoslynAnalysisRunner has terminated.
Mono: successfully reloaded assembly
- Completed reload, in  0.726 seconds
Platform modules already initialized, skipping
Refreshing native plugins compatible for Editor in 0.28 ms, found 0 plugins.
Preloading 0 native plugins for Editor in 0.00 ms.
Unloading 1560 Unused Serialized files (Serialized files now loaded: 0)
System memory in use before: 82.9 MB.
System memory in use after: 81.3 MB.

Unloading 33 unused Assets to reduce memory usage. Loaded Objects now: 2083.
Total: 2.257800 ms (FindLiveObjects: 0.156200 ms CreateObjectMapping: 0.045200 ms MarkObjects: 1.468600 ms  DeleteObjects: 0.587000 ms)

========================================================================
Received Prepare
Registering precompiled user dll's ...
Registered in 0.000797 seconds.
Begin MonoManager ReloadAssembly
Native extension for WindowsStandalone target not found
Refreshing native plugins compatible for Editor in 0.28 ms, found 0 plugins.
Preloading 0 native plugins for Editor in 0.00 ms.
Warning: Annotation not found!
UnityEngine.StackTraceUtility:ExtractStackTrace ()
UnityEditor.ProBuilder.EditorUtility:SetGizmoIconEnabled (System.Type,bool) (at Library/PackageCache/com.unity.probuilder@4.4.0/Editor/EditorCore/EditorUtility.cs:593)
UnityEditor.ProBuilder.HierarchyListener:.cctor () (at Library/PackageCache/com.unity.probuilder@4.4.0/Editor/EditorCore/HierarchyListener.cs:21)
System.Runtime.CompilerServices.RuntimeHelpers:RunClassConstructor (System.RuntimeTypeHandle)
UnityEditor.EditorAssemblies:ProcessInitializeOnLoadAttributes (System.Type[])

[Library/PackageCache/com.unity.probuilder@4.4.0/Editor/EditorCore/EditorUtility.cs line 593]

Invoked RoslynAnalysisRunner static constructor.
RoslynAnalysisRunner will not be running.
RoslynAnalysisRunner has terminated.
Mono: successfully reloaded assembly
- Completed reload, in  0.674 seconds
Platform modules already initialized, skipping
Refreshing native plugins compatible for Editor in 0.46 ms, found 0 plugins.
Preloading 0 native plugins for Editor in 0.00 ms.
Unloading 1560 Unused Serialized files (Serialized files now loaded: 0)
System memory in use before: 82.4 MB.
System memory in use after: 80.9 MB.

Unloading 33 unused Assets to reduce memory usage. Loaded Objects now: 2085.
Total: 2.329900 ms (FindLiveObjects: 0.167000 ms CreateObjectMapping: 0.051500 ms MarkObjects: 1.510000 ms  DeleteObjects: 0.600400 ms)

========================================================================
Received Import Request.
  Time since last request: 489.659238 seconds.
  path: Assets/Scripts/Movement.cs
  artifactKey: Guid(b1b988be126c0e048b4955d47ca2d5bf) Importer(815301076,1909f56bfc062723c751e8b465ee728b)
Start importing Assets/Scripts/Movement.cs using Guid(b1b988be126c0e048b4955d47ca2d5bf) Importer(815301076,1909f56bfc062723c751e8b465ee728b)  -> (artifact id: '60919485c1bcfa5388ee60d61b95f18f') in 0.008711 seconds
  Import took 0.011632 seconds .

========================================================================
Received Import Request.
  Time since last request: 0.052247 seconds.
  path: Assets/Scripts/Movement.cs
  artifactKey: Guid(b1b988be126c0e048b4955d47ca2d5bf) Importer(815301076,1909f56bfc062723c751e8b465ee728b)
Start importing Assets/Scripts/Movement.cs using Guid(b1b988be126c0e048b4955d47ca2d5bf) Importer(815301076,1909f56bfc062723c751e8b465ee728b)  -> (artifact id: '60919485c1bcfa5388ee60d61b95f18f') in 0.002786 seconds
  Import took 0.006176 seconds .

========================================================================
Received Prepare
Registering precompiled user dll's ...
Registered in 0.000932 seconds.
Begin MonoManager ReloadAssembly
Native extension for WindowsStandalone target not found
Refreshing native plugins compatible for Editor in 0.28 ms, found 0 plugins.
Preloading 0 native plugins for Editor in 0.00 ms.
Warning: Annotation not found!
UnityEngine.StackTraceUtility:ExtractStackTrace ()
UnityEditor.ProBuilder.EditorUtility:SetGizmoIconEnabled (System.Type,bool) (at Library/PackageCache/com.unity.probuilder@4.4.0/Editor/EditorCore/EditorUtility.cs:593)
UnityEditor.ProBuilder.HierarchyListener:.cctor () (at Library/PackageCache/com.unity.probuilder@4.4.0/Editor/EditorCore/HierarchyListener.cs:21)
System.Runtime.CompilerServices.RuntimeHelpers:RunClassConstructor (System.RuntimeTypeHandle)
UnityEditor.EditorAssemblies:ProcessInitializeOnLoadAttributes (System.Type[])

[Library/PackageCache/com.unity.probuilder@4.4.0/Editor/EditorCore/EditorUtility.cs line 593]

Invoked RoslynAnalysisRunner static constructor.
RoslynAnalysisRunner will not be running.
RoslynAnalysisRunner has terminated.
Mono: successfully reloaded assembly
- Completed reload, in  0.883 seconds
Platform modules already initialized, skipping
Refreshing native plugins compatible for Editor in 0.29 ms, found 0 plugins.
Preloading 0 native plugins for Editor in 0.00 ms.
Unloading 1560 Unused Serialized files (Serialized files now loaded: 0)
System memory in use before: 82.7 MB.
System memory in use after: 81.2 MB.

Unloading 33 unused Assets to reduce memory usage. Loaded Objects now: 2087.
Total: 2.538800 ms (FindLiveObjects: 0.190800 ms CreateObjectMapping: 0.054000 ms MarkObjects: 1.692400 ms  DeleteObjects: 0.600600 ms)

========================================================================
Received Prepare
Registering precompiled user dll's ...
Registered in 0.000700 seconds.
Begin MonoManager ReloadAssembly
Native extension for WindowsStandalone target not found
Refreshing native plugins compatible for Editor in 0.27 ms, found 0 plugins.
Preloading 0 native plugins for Editor in 0.00 ms.
Warning: Annotation not found!
UnityEngine.StackTraceUtility:ExtractStackTrace ()
UnityEditor.ProBuilder.EditorUtility:SetGizmoIconEnabled (System.Type,bool) (at Library/PackageCache/com.unity.probuilder@4.4.0/Editor/EditorCore/EditorUtility.cs:593)
UnityEditor.ProBuilder.HierarchyListener:.cctor () (at Library/PackageCache/com.unity.probuilder@4.4.0/Editor/EditorCore/HierarchyListener.cs:21)
System.Runtime.CompilerServices.RuntimeHelpers:RunClassConstructor (System.RuntimeTypeHandle)
UnityEditor.EditorAssemblies:ProcessInitializeOnLoadAttributes (System.Type[])

[Library/PackageCache/com.unity.probuilder@4.4.0/Editor/EditorCore/EditorUtility.cs line 593]

Invoked RoslynAnalysisRunner static constructor.
RoslynAnalysisRunner will not be running.
RoslynAnalysisRunner has terminated.
Mono: successfully reloaded assembly
- Completed reload, in  0.669 seconds
Platform modules already initialized, skipping
Refreshing native plugins compatible for Editor in 0.29 ms, found 0 plugins.
Preloading 0 native plugins for Editor in 0.00 ms.
Unloading 1560 Unused Serialized files (Serialized files now loaded: 0)
System memory in use before: 82.9 MB.
System memory in use after: 81.3 MB.

Unloading 33 unused Assets to reduce memory usage. Loaded Objects now: 2089.
Total: 2.321600 ms (FindLiveObjects: 0.172700 ms CreateObjectMapping: 0.052100 ms MarkObjects: 1.488000 ms  DeleteObjects: 0.608100 ms)

========================================================================
Received Prepare
Registering precompiled user dll's ...
Registered in 0.000812 seconds.
Begin MonoManager ReloadAssembly
Native extension for WindowsStandalone target not found
Refreshing native plugins compatible for Editor in 0.28 ms, found 0 plugins.
Preloading 0 native plugins for Editor in 0.00 ms.
Warning: Annotation not found!
UnityEngine.StackTraceUtility:ExtractStackTrace ()
UnityEditor.ProBuilder.EditorUtility:SetGizmoIconEnabled (System.Type,bool) (at Library/PackageCache/com.unity.probuilder@4.4.0/Editor/EditorCore/EditorUtility.cs:593)
UnityEditor.ProBuilder.HierarchyListener:.cctor () (at Library/PackageCache/com.unity.probuilder@4.4.0/Editor/EditorCore/HierarchyListener.cs:21)
System.Runtime.CompilerServices.RuntimeHelpers:RunClassConstructor (System.RuntimeTypeHandle)
UnityEditor.EditorAssemblies:ProcessInitializeOnLoadAttributes (System.Type[])

[Library/PackageCache/com.unity.probuilder@4.4.0/Editor/EditorCore/EditorUtility.cs line 593]

Invoked RoslynAnalysisRunner static constructor.
RoslynAnalysisRunner will not be running.
RoslynAnalysisRunner has terminated.
Mono: successfully reloaded assembly
- Completed reload, in  0.677 seconds
Platform modules already initialized, skipping
Refreshing native plugins compatible for Editor in 0.37 ms, found 0 plugins.
Preloading 0 native plugins for Editor in 0.00 ms.
Unloading 1560 Unused Serialized files (Serialized files now loaded: 0)
System memory in use before: 82.4 MB.
System memory in use after: 80.8 MB.

Unloading 33 unused Assets to reduce memory usage. Loaded Objects now: 2091.
Total: 2.475100 ms (FindLiveObjects: 0.199200 ms CreateObjectMapping: 0.071100 ms MarkObjects: 1.570200 ms  DeleteObjects: 0.633600 ms)

========================================================================
Received Prepare
Registering precompiled user dll's ...
Registered in 0.000794 seconds.
Begin MonoManager ReloadAssembly
Native extension for WindowsStandalone target not found
Refreshing native plugins compatible for Editor in 0.28 ms, found 0 plugins.
Preloading 0 native plugins for Editor in 0.00 ms.
Warning: Annotation not found!
UnityEngine.StackTraceUtility:ExtractStackTrace ()
UnityEditor.ProBuilder.EditorUtility:SetGizmoIconEnabled (System.Type,bool) (at Library/PackageCache/com.unity.probuilder@4.4.0/Editor/EditorCore/EditorUtility.cs:593)
UnityEditor.ProBuilder.HierarchyListener:.cctor () (at Library/PackageCache/com.unity.probuilder@4.4.0/Editor/EditorCore/HierarchyListener.cs:21)
System.Runtime.CompilerServices.RuntimeHelpers:RunClassConstructor (System.RuntimeTypeHandle)
UnityEditor.EditorAssemblies:ProcessInitializeOnLoadAttributes (System.Type[])

[Library/PackageCache/com.unity.probuilder@4.4.0/Editor/EditorCore/EditorUtility.cs line 593]

Invoked RoslynAnalysisRunner static constructor.
RoslynAnalysisRunner will not be running.
RoslynAnalysisRunner has terminated.
Mono: successfully reloaded assembly
- Completed reload, in  0.703 seconds
Platform modules already initialized, skipping
Refreshing native plugins compatible for Editor in 0.28 ms, found 0 plugins.
Preloading 0 native plugins for Editor in 0.00 ms.
Unloading 1560 Unused Serialized files (Serialized files now loaded: 0)
System memory in use before: 82.7 MB.
System memory in use after: 81.1 MB.

Unloading 33 unused Assets to reduce memory usage. Loaded Objects now: 2093.
Total: 2.543400 ms (FindLiveObjects: 0.209200 ms CreateObjectMapping: 0.065600 ms MarkObjects: 1.684300 ms  DeleteObjects: 0.583400 ms)

========================================================================
Received Prepare
Registering precompiled user dll's ...
Registered in 0.000753 seconds.
Begin MonoManager ReloadAssembly
Native extension for WindowsStandalone target not found
Refreshing native plugins compatible for Editor in 0.29 ms, found 0 plugins.
Preloading 0 native plugins for Editor in 0.00 ms.
Warning: Annotation not found!
UnityEngine.StackTraceUtility:ExtractStackTrace ()
UnityEditor.ProBuilder.EditorUtility:SetGizmoIconEnabled (System.Type,bool) (at Library/PackageCache/com.unity.probuilder@4.4.0/Editor/EditorCore/EditorUtility.cs:593)
UnityEditor.ProBuilder.HierarchyListener:.cctor () (at Library/PackageCache/com.unity.probuilder@4.4.0/Editor/EditorCore/HierarchyListener.cs:21)
System.Runtime.CompilerServices.RuntimeHelpers:RunClassConstructor (System.RuntimeTypeHandle)
UnityEditor.EditorAssemblies:ProcessInitializeOnLoadAttributes (System.Type[])

[Library/PackageCache/com.unity.probuilder@4.4.0/Editor/EditorCore/EditorUtility.cs line 593]

Invoked RoslynAnalysisRunner static constructor.
RoslynAnalysisRunner will not be running.
RoslynAnalysisRunner has terminated.
Mono: successfully reloaded assembly
- Completed reload, in  0.670 seconds
Platform modules already initialized, skipping
Refreshing native plugins compatible for Editor in 0.27 ms, found 0 plugins.
Preloading 0 native plugins for Editor in 0.00 ms.
Unloading 1560 Unused Serialized files (Serialized files now loaded: 0)
System memory in use before: 82.9 MB.
System memory in use after: 81.4 MB.

Unloading 33 unused Assets to reduce memory usage. Loaded Objects now: 2095.
Total: 3.060700 ms (FindLiveObjects: 0.189000 ms CreateObjectMapping: 0.052900 ms MarkObjects: 2.238500 ms  DeleteObjects: 0.579600 ms)

========================================================================
Received Prepare
Registering precompiled user dll's ...
Registered in 0.000810 seconds.
Begin MonoManager ReloadAssembly
Native extension for WindowsStandalone target not found
Refreshing native plugins compatible for Editor in 0.29 ms, found 0 plugins.
Preloading 0 native plugins for Editor in 0.00 ms.
Warning: Annotation not found!
UnityEngine.StackTraceUtility:ExtractStackTrace ()
UnityEditor.ProBuilder.EditorUtility:SetGizmoIconEnabled (System.Type,bool) (at Library/PackageCache/com.unity.probuilder@4.4.0/Editor/EditorCore/EditorUtility.cs:593)
UnityEditor.ProBuilder.HierarchyListener:.cctor () (at Library/PackageCache/com.unity.probuilder@4.4.0/Editor/EditorCore/HierarchyListener.cs:21)
System.Runtime.CompilerServices.RuntimeHelpers:RunClassConstructor (System.RuntimeTypeHandle)
UnityEditor.EditorAssemblies:ProcessInitializeOnLoadAttributes (System.Type[])

[Library/PackageCache/com.unity.probuilder@4.4.0/Editor/EditorCore/EditorUtility.cs line 593]

Invoked RoslynAnalysisRunner static constructor.
RoslynAnalysisRunner will not be running.
RoslynAnalysisRunner has terminated.
Mono: successfully reloaded assembly
- Completed reload, in  0.706 seconds
Platform modules already initialized, skipping
Refreshing native plugins compatible for Editor in 0.30 ms, found 0 plugins.
Preloading 0 native plugins for Editor in 0.00 ms.
Unloading 1560 Unused Serialized files (Serialized files now loaded: 0)
System memory in use before: 82.3 MB.
System memory in use after: 80.7 MB.

Unloading 33 unused Assets to reduce memory usage. Loaded Objects now: 2097.
Total: 2.696100 ms (FindLiveObjects: 0.169100 ms CreateObjectMapping: 0.051600 ms MarkObjects: 1.817500 ms  DeleteObjects: 0.656400 ms)

========================================================================
Received Prepare
Registering precompiled user dll's ...
Registered in 0.001008 seconds.
Begin MonoManager ReloadAssembly
Native extension for WindowsStandalone target not found
Refreshing native plugins compatible for Editor in 0.34 ms, found 0 plugins.
Preloading 0 native plugins for Editor in 0.00 ms.
Warning: Annotation not found!
UnityEngine.StackTraceUtility:ExtractStackTrace ()
UnityEditor.ProBuilder.EditorUtility:SetGizmoIconEnabled (System.Type,bool) (at Library/PackageCache/com.unity.probuilder@4.4.0/Editor/EditorCore/EditorUtility.cs:593)
UnityEditor.ProBuilder.HierarchyListener:.cctor () (at Library/PackageCache/com.unity.probuilder@4.4.0/Editor/EditorCore/HierarchyListener.cs:21)
System.Runtime.CompilerServices.RuntimeHelpers:RunClassConstructor (System.RuntimeTypeHandle)
UnityEditor.EditorAssemblies:ProcessInitializeOnLoadAttributes (System.Type[])

[Library/PackageCache/com.unity.probuilder@4.4.0/Editor/EditorCore/EditorUtility.cs line 593]

Invoked RoslynAnalysisRunner static constructor.
RoslynAnalysisRunner will not be running.
RoslynAnalysisRunner has terminated.
Mono: successfully reloaded assembly
- Completed reload, in  0.805 seconds
Platform modules already initialized, skipping
Refreshing native plugins compatible for Editor in 0.29 ms, found 0 plugins.
Preloading 0 native plugins for Editor in 0.00 ms.
Unloading 1560 Unused Serialized files (Serialized files now loaded: 0)
System memory in use before: 82.6 MB.
System memory in use after: 81.1 MB.

Unloading 33 unused Assets to reduce memory usage. Loaded Objects now: 2099.
Total: 2.563700 ms (FindLiveObjects: 0.163000 ms CreateObjectMapping: 0.049800 ms MarkObjects: 1.696100 ms  DeleteObjects: 0.653900 ms)

========================================================================
Received Prepare
Registering precompiled user dll's ...
Registered in 0.000811 seconds.
Begin MonoManager ReloadAssembly
Native extension for WindowsStandalone target not found
Refreshing native plugins compatible for Editor in 0.35 ms, found 0 plugins.
Preloading 0 native plugins for Editor in 0.00 ms.
Warning: Annotation not found!
UnityEngine.StackTraceUtility:ExtractStackTrace ()
UnityEditor.ProBuilder.EditorUtility:SetGizmoIconEnabled (System.Type,bool) (at Library/PackageCache/com.unity.probuilder@4.4.0/Editor/EditorCore/EditorUtility.cs:593)
UnityEditor.ProBuilder.HierarchyListener:.cctor () (at Library/PackageCache/com.unity.probuilder@4.4.0/Editor/EditorCore/HierarchyListener.cs:21)
System.Runtime.CompilerServices.RuntimeHelpers:RunClassConstructor (System.RuntimeTypeHandle)
UnityEditor.EditorAssemblies:ProcessInitializeOnLoadAttributes (System.Type[])

[Library/PackageCache/com.unity.probuilder@4.4.0/Editor/EditorCore/EditorUtility.cs line 593]

Invoked RoslynAnalysisRunner static constructor.
RoslynAnalysisRunner will not be running.
RoslynAnalysisRunner has terminated.
Mono: successfully reloaded assembly
- Completed reload, in  0.699 seconds
Platform modules already initialized, skipping
Refreshing native plugins compatible for Editor in 0.29 ms, found 0 plugins.
Preloading 0 native plugins for Editor in 0.00 ms.
Unloading 1560 Unused Serialized files (Serialized files now loaded: 0)
System memory in use before: 82.9 MB.
System memory in use after: 81.4 MB.

Unloading 33 unused Assets to reduce memory usage. Loaded Objects now: 2101.
Total: 2.578300 ms (FindLiveObjects: 0.237200 ms CreateObjectMapping: 0.071600 ms MarkObjects: 1.656400 ms  DeleteObjects: 0.611600 ms)

========================================================================
Received Prepare
Refreshing native plugins compatible for Editor in 0.89 ms, found 0 plugins.
Preloading 0 native plugins for Editor in 0.00 ms.
Unloading 31 Unused Serialized files (Serialized files now loaded: 0)
System memory in use before: 53.0 MB.
System memory in use after: 51.4 MB.

Unloading 31 unused Assets to reduce memory usage. Loaded Objects now: 2101.
Total: 30.947100 ms (FindLiveObjects: 0.495500 ms CreateObjectMapping: 0.101200 ms MarkObjects: 29.710200 ms  DeleteObjects: 0.638800 ms)

AssetImportWorkerClient::OnTransportError - code=2 error=End of file
